# JRE version: OpenJDK Runtime Environment (8.0_242-b01) (build 1.8.0_242-release-1644-b01)
# Java VM: OpenJDK 64-Bit Server VM (25.242-b01 mixed mode windows-amd64 compressed oops)
Heap:
 PSYoungGen      total 99840K, used 21658K [0x00000000d5580000, 0x00000000dd580000, 0x0000000100000000)
  eden space 88064K, 17% used [0x00000000d5580000,0x00000000d64df6a0,0x00000000dab80000)
  from space 11776K, 50% used [0x00000000dab80000,0x00000000db147348,0x00000000db700000)
  to   space 11264K, 0% used [0x00000000dca80000,0x00000000dca80000,0x00000000dd580000)
 ParOldGen       total 84480K, used 14431K [0x0000000080000000, 0x0000000085280000, 0x00000000d5580000)
  object space 84480K, 17% used [0x0000000080000000,0x0000000080e17e58,0x0000000085280000)
 Metaspace       used 37695K, capacity 39492K, committed 39720K, reserved 1083392K
  class space    used 5225K, capacity 5574K, committed 5680K, reserved 1048576K
GC Heap History (10 events):
Event: 9.887 GC heap before
{Heap before GC invocations=9 (full 1):
 PSYoungGen      total 75776K, used 64512K [0x00000000d5580000, 0x00000000dab80000, 0x0000000100000000)
  eden space 64512K, 100% used [0x00000000d5580000,0x00000000d9480000,0x00000000d9480000)
  from space 11264K, 0% used [0x00000000d9480000,0x00000000d9480000,0x00000000d9f80000)
  to   space 10240K, 0% used [0x00000000d9f80000,0x00000000d9f80000,0x00000000da980000)
 ParOldGen       total 52736K, used 6782K [0x0000000080000000, 0x0000000083380000, 0x00000000d5580000)
  object space 52736K, 12% used [0x0000000080000000,0x000000008069f908,0x0000000083380000)
 Metaspace       used 28576K, capacity 29432K, committed 29616K, reserved 1075200K
  class space    used 3957K, capacity 4188K, committed 4272K, reserved 1048576K
Event: 9.895 GC heap after
Heap after GC invocations=9 (full 1):
 PSYoungGen      total 74752K, used 8242K [0x00000000d5580000, 0x00000000dd480000, 0x0000000100000000)
  eden space 64512K, 0% used [0x00000000d5580000,0x00000000d5580000,0x00000000d9480000)
  from space 10240K, 80% used [0x00000000d9f80000,0x00000000da78c850,0x00000000da980000)
  to   space 11264K, 0% used [0x00000000d9480000,0x00000000d9480000,0x00000000d9f80000)
 ParOldGen       total 52736K, used 6790K [0x0000000080000000, 0x0000000083380000, 0x00000000d5580000)
  object space 52736K, 12% used [0x0000000080000000,0x00000000806a1908,0x0000000083380000)
 Metaspace       used 28576K, capacity 29432K, committed 29616K, reserved 1075200K
  class space    used 3957K, capacity 4188K, committed 4272K, reserved 1048576K
}
Event: 10.924 GC heap before
{Heap before GC invocations=10 (full 1):
 PSYoungGen      total 74752K, used 72754K [0x00000000d5580000, 0x00000000dd480000, 0x0000000100000000)
  eden space 64512K, 100% used [0x00000000d5580000,0x00000000d9480000,0x00000000d9480000)
  from space 10240K, 80% used [0x00000000d9f80000,0x00000000da78c850,0x00000000da980000)
  to   space 11264K, 0% used [0x00000000d9480000,0x00000000d9480000,0x00000000d9f80000)
 ParOldGen       total 52736K, used 6790K [0x0000000080000000, 0x0000000083380000, 0x00000000d5580000)
  object space 52736K, 12% used [0x0000000080000000,0x00000000806a1908,0x0000000083380000)
 Metaspace       used 32787K, capacity 33848K, committed 33968K, reserved 1079296K
  class space    used 4481K, capacity 4750K, committed 4784K, reserved 1048576K
Event: 10.934 GC heap after
Heap after GC invocations=10 (full 1):
 PSYoungGen      total 75776K, used 9285K [0x00000000d5580000, 0x00000000dc300000, 0x0000000100000000)
  eden space 64512K, 0% used [0x00000000d5580000,0x00000000d5580000,0x00000000d9480000)
  from space 11264K, 82% used [0x00000000d9480000,0x00000000d9d915b0,0x00000000d9f80000)
  to   space 11776K, 0% used [0x00000000db780000,0x00000000db780000,0x00000000dc300000)
 ParOldGen       total 52736K, used 6798K [0x0000000080000000, 0x0000000083380000, 0x00000000d5580000)
  object space 52736K, 12% used [0x0000000080000000,0x00000000806a3908,0x0000000083380000)
 Metaspace       used 32787K, capacity 33848K, committed 33968K, reserved 1079296K
  class space    used 4481K, capacity 4750K, committed 4784K, reserved 1048576K
}
Event: 11.350 GC heap before
{Heap before GC invocations=11 (full 1):
 PSYoungGen      total 75776K, used 37397K [0x00000000d5580000, 0x00000000dc300000, 0x0000000100000000)
  eden space 64512K, 43% used [0x00000000d5580000,0x00000000d70f3fe0,0x00000000d9480000)
  from space 11264K, 82% used [0x00000000d9480000,0x00000000d9d915b0,0x00000000d9f80000)
  to   space 11776K, 0% used [0x00000000db780000,0x00000000db780000,0x00000000dc300000)
 ParOldGen       total 52736K, used 6798K [0x0000000080000000, 0x0000000083380000, 0x00000000d5580000)
  object space 52736K, 12% used [0x0000000080000000,0x00000000806a3908,0x0000000083380000)
 Metaspace       used 34255K, capacity 35412K, committed 35496K, reserved 1079296K
  class space    used 4718K, capacity 5007K, committed 5040K, reserved 1048576K
Event: 11.359 GC heap after
Heap after GC invocations=11 (full 1):
 PSYoungGen      total 99328K, used 5053K [0x00000000d5580000, 0x00000000dc280000, 0x0000000100000000)
  eden space 88064K, 0% used [0x00000000d5580000,0x00000000d5580000,0x00000000dab80000)
  from space 11264K, 44% used [0x00000000db780000,0x00000000dbc6f5b8,0x00000000dc280000)
  to   space 11776K, 0% used [0x00000000dab80000,0x00000000dab80000,0x00000000db700000)
 ParOldGen       total 52736K, used 9956K [0x0000000080000000, 0x0000000083380000, 0x00000000d5580000)
  object space 52736K, 18% used [0x0000000080000000,0x00000000809b92f8,0x0000000083380000)
 Metaspace       used 34255K, capacity 35412K, committed 35496K, reserved 1079296K
  class space    used 4718K, capacity 5007K, committed 5040K, reserved 1048576K
}
Event: 11.359 GC heap before
{Heap before GC invocations=12 (full 2):
 PSYoungGen      total 99328K, used 5053K [0x00000000d5580000, 0x00000000dc280000, 0x0000000100000000)
  eden space 88064K, 0% used [0x00000000d5580000,0x00000000d5580000,0x00000000dab80000)
  from space 11264K, 44% used [0x00000000db780000,0x00000000dbc6f5b8,0x00000000dc280000)
  to   space 11776K, 0% used [0x00000000dab80000,0x00000000dab80000,0x00000000db700000)
 ParOldGen       total 52736K, used 9956K [0x0000000080000000, 0x0000000083380000, 0x00000000d5580000)
  object space 52736K, 18% used [0x0000000080000000,0x00000000809b92f8,0x0000000083380000)
 Metaspace       used 34255K, capacity 35412K, committed 35496K, reserved 1079296K
  class space    used 4718K, capacity 5007K, committed 5040K, reserved 1048576K
Event: 11.525 GC heap after
Heap after GC invocations=12 (full 2):
 PSYoungGen      total 99328K, used 0K [0x00000000d5580000, 0x00000000dc280000, 0x0000000100000000)
  eden space 88064K, 0% used [0x00000000d5580000,0x00000000d5580000,0x00000000dab80000)
  from space 11264K, 0% used [0x00000000db780000,0x00000000db780000,0x00000000dc280000)
  to   space 11776K, 0% used [0x00000000dab80000,0x00000000dab80000,0x00000000db700000)
 ParOldGen       total 84480K, used 14423K [0x0000000080000000, 0x0000000085280000, 0x00000000d5580000)
  object space 84480K, 17% used [0x0000000080000000,0x0000000080e15e58,0x0000000085280000)
 Metaspace       used 34255K, capacity 35412K, committed 35496K, reserved 1079296K
  class space    used 4718K, capacity 5007K, committed 5040K, reserved 1048576K
}
Event: 16.451 GC heap before
{Heap before GC invocations=13 (full 2):
 PSYoungGen      total 99328K, used 88064K [0x00000000d5580000, 0x00000000dc280000, 0x0000000100000000)
  eden space 88064K, 100% used [0x00000000d5580000,0x00000000dab80000,0x00000000dab80000)
  from space 11264K, 0% used [0x00000000db780000,0x00000000db780000,0x00000000dc280000)
  to   space 11776K, 0% used [0x00000000dab80000,0x00000000dab80000,0x00000000db700000)
 ParOldGen       total 84480K, used 14423K [0x0000000080000000, 0x0000000085280000, 0x00000000d5580000)
  object space 84480K, 17% used [0x0000000080000000,0x0000000080e15e58,0x0000000085280000)
 Metaspace       used 36727K, capacity 38332K, committed 38440K, reserved 1083392K
  class space    used 5071K, capacity 5373K, committed 5424K, reserved 1048576K
Event: 16.460 GC heap after
Heap after GC invocations=13 (full 2):
 PSYoungGen      total 99840K, used 5916K [0x00000000d5580000, 0x00000000dd580000, 0x0000000100000000)
  eden space 88064K, 0% used [0x00000000d5580000,0x00000000d5580000,0x00000000dab80000)
  from space 11776K, 50% used [0x00000000dab80000,0x00000000db147348,0x00000000db700000)
  to   space 11264K, 0% used [0x00000000dca80000,0x00000000dca80000,0x00000000dd580000)
 ParOldGen       total 84480K, used 14431K [0x0000000080000000, 0x0000000085280000, 0x00000000d5580000)
  object space 84480K, 17% used [0x0000000080000000,0x0000000080e17e58,0x0000000085280000)
 Metaspace       used 36727K, capacity 38332K, committed 38440K, reserved 1083392K
  class space    used 5071K, capacity 5373K, committed 5424K, reserved 1048576K
}

