# JRE version: OpenJDK Runtime Environment (8.0_242-b01) (build 1.8.0_242-release-1644-b01)
# Java VM: OpenJDK 64-Bit Server VM (25.242-b01 mixed mode windows-amd64 compressed oops)
Heap:
 PSYoungGen      total 106496K, used 15931K [0x00000000d5580000, 0x00000000dc900000, 0x0000000100000000)
  eden space 94720K, 10% used [0x00000000d5580000,0x00000000d5ed5948,0x00000000db200000)
  from space 11776K, 54% used [0x00000000db200000,0x00000000db839640,0x00000000dbd80000)
  to   space 11264K, 0% used [0x00000000dbe00000,0x00000000dbe00000,0x00000000dc900000)
 ParOldGen       total 77312K, used 14388K [0x0000000080000000, 0x0000000084b80000, 0x00000000d5580000)
  object space 77312K, 18% used [0x0000000080000000,0x0000000080e0d1e8,0x0000000084b80000)
 Metaspace       used 37417K, capacity 39172K, committed 39336K, reserved 1085440K
  class space    used 5181K, capacity 5538K, committed 5552K, reserved 1048576K
GC Heap History (10 events):
Event: 8.657 GC heap before
{Heap before GC invocations=9 (full 1):
 PSYoungGen      total 75776K, used 64512K [0x00000000d5580000, 0x00000000dab80000, 0x0000000100000000)
  eden space 64512K, 100% used [0x00000000d5580000,0x00000000d9480000,0x00000000d9480000)
  from space 11264K, 0% used [0x00000000d9480000,0x00000000d9480000,0x00000000d9f80000)
  to   space 10240K, 0% used [0x00000000d9f80000,0x00000000d9f80000,0x00000000da980000)
 ParOldGen       total 49152K, used 6784K [0x0000000080000000, 0x0000000083000000, 0x00000000d5580000)
  object space 49152K, 13% used [0x0000000080000000,0x00000000806a01e8,0x0000000083000000)
 Metaspace       used 28635K, capacity 29460K, committed 29616K, reserved 1075200K
  class space    used 3971K, capacity 4220K, committed 4272K, reserved 1048576K
Event: 8.664 GC heap after
Heap after GC invocations=9 (full 1):
 PSYoungGen      total 74752K, used 8354K [0x00000000d5580000, 0x00000000ddd00000, 0x0000000100000000)
  eden space 64512K, 0% used [0x00000000d5580000,0x00000000d5580000,0x00000000d9480000)
  from space 10240K, 81% used [0x00000000d9f80000,0x00000000da7a88f0,0x00000000da980000)
  to   space 11264K, 0% used [0x00000000d9480000,0x00000000d9480000,0x00000000d9f80000)
 ParOldGen       total 49152K, used 6792K [0x0000000080000000, 0x0000000083000000, 0x00000000d5580000)
  object space 49152K, 13% used [0x0000000080000000,0x00000000806a21e8,0x0000000083000000)
 Metaspace       used 28635K, capacity 29460K, committed 29616K, reserved 1075200K
  class space    used 3971K, capacity 4220K, committed 4272K, reserved 1048576K
}
Event: 9.721 GC heap before
{Heap before GC invocations=10 (full 1):
 PSYoungGen      total 74752K, used 72866K [0x00000000d5580000, 0x00000000ddd00000, 0x0000000100000000)
  eden space 64512K, 100% used [0x00000000d5580000,0x00000000d9480000,0x00000000d9480000)
  from space 10240K, 81% used [0x00000000d9f80000,0x00000000da7a88f0,0x00000000da980000)
  to   space 11264K, 0% used [0x00000000d9480000,0x00000000d9480000,0x00000000d9f80000)
 ParOldGen       total 49152K, used 6792K [0x0000000080000000, 0x0000000083000000, 0x00000000d5580000)
  object space 49152K, 13% used [0x0000000080000000,0x00000000806a21e8,0x0000000083000000)
 Metaspace       used 32804K, capacity 33850K, committed 33968K, reserved 1079296K
  class space    used 4487K, capacity 4751K, committed 4784K, reserved 1048576K
Event: 9.738 GC heap after
Heap after GC invocations=10 (full 1):
 PSYoungGen      total 75776K, used 9299K [0x00000000d5580000, 0x00000000dca00000, 0x0000000100000000)
  eden space 64512K, 0% used [0x00000000d5580000,0x00000000d5580000,0x00000000d9480000)
  from space 11264K, 82% used [0x00000000d9480000,0x00000000d9d94d60,0x00000000d9f80000)
  to   space 12288K, 0% used [0x00000000dbe00000,0x00000000dbe00000,0x00000000dca00000)
 ParOldGen       total 49152K, used 6800K [0x0000000080000000, 0x0000000083000000, 0x00000000d5580000)
  object space 49152K, 13% used [0x0000000080000000,0x00000000806a41e8,0x0000000083000000)
 Metaspace       used 32804K, capacity 33850K, committed 33968K, reserved 1079296K
  class space    used 4487K, capacity 4751K, committed 4784K, reserved 1048576K
}
Event: 10.085 GC heap before
{Heap before GC invocations=11 (full 1):
 PSYoungGen      total 75776K, used 37253K [0x00000000d5580000, 0x00000000dca00000, 0x0000000100000000)
  eden space 64512K, 43% used [0x00000000d5580000,0x00000000d70cc900,0x00000000d9480000)
  from space 11264K, 82% used [0x00000000d9480000,0x00000000d9d94d60,0x00000000d9f80000)
  to   space 12288K, 0% used [0x00000000dbe00000,0x00000000dbe00000,0x00000000dca00000)
 ParOldGen       total 49152K, used 6800K [0x0000000080000000, 0x0000000083000000, 0x00000000d5580000)
  object space 49152K, 13% used [0x0000000080000000,0x00000000806a41e8,0x0000000083000000)
 Metaspace       used 34246K, capacity 35408K, committed 35496K, reserved 1079296K
  class space    used 4720K, capacity 5007K, committed 5040K, reserved 1048576K
Event: 10.094 GC heap after
Heap after GC invocations=11 (full 1):
 PSYoungGen      total 105984K, used 4973K [0x00000000d5580000, 0x00000000dc900000, 0x0000000100000000)
  eden space 94720K, 0% used [0x00000000d5580000,0x00000000d5580000,0x00000000db200000)
  from space 11264K, 44% used [0x00000000dbe00000,0x00000000dc2db788,0x00000000dc900000)
  to   space 11776K, 0% used [0x00000000db200000,0x00000000db200000,0x00000000dbd80000)
 ParOldGen       total 49152K, used 9944K [0x0000000080000000, 0x0000000083000000, 0x00000000d5580000)
  object space 49152K, 20% used [0x0000000080000000,0x00000000809b6078,0x0000000083000000)
 Metaspace       used 34246K, capacity 35408K, committed 35496K, reserved 1079296K
  class space    used 4720K, capacity 5007K, committed 5040K, reserved 1048576K
}
Event: 10.094 GC heap before
{Heap before GC invocations=12 (full 2):
 PSYoungGen      total 105984K, used 4973K [0x00000000d5580000, 0x00000000dc900000, 0x0000000100000000)
  eden space 94720K, 0% used [0x00000000d5580000,0x00000000d5580000,0x00000000db200000)
  from space 11264K, 44% used [0x00000000dbe00000,0x00000000dc2db788,0x00000000dc900000)
  to   space 11776K, 0% used [0x00000000db200000,0x00000000db200000,0x00000000dbd80000)
 ParOldGen       total 49152K, used 9944K [0x0000000080000000, 0x0000000083000000, 0x00000000d5580000)
  object space 49152K, 20% used [0x0000000080000000,0x00000000809b6078,0x0000000083000000)
 Metaspace       used 34246K, capacity 35408K, committed 35496K, reserved 1079296K
  class space    used 4720K, capacity 5007K, committed 5040K, reserved 1048576K
Event: 10.250 GC heap after
Heap after GC invocations=12 (full 2):
 PSYoungGen      total 105984K, used 0K [0x00000000d5580000, 0x00000000dc900000, 0x0000000100000000)
  eden space 94720K, 0% used [0x00000000d5580000,0x00000000d5580000,0x00000000db200000)
  from space 11264K, 0% used [0x00000000dbe00000,0x00000000dbe00000,0x00000000dc900000)
  to   space 11776K, 0% used [0x00000000db200000,0x00000000db200000,0x00000000dbd80000)
 ParOldGen       total 77312K, used 14380K [0x0000000080000000, 0x0000000084b80000, 0x00000000d5580000)
  object space 77312K, 18% used [0x0000000080000000,0x0000000080e0b1e8,0x0000000084b80000)
 Metaspace       used 34246K, capacity 35408K, committed 35496K, reserved 1079296K
  class space    used 4720K, capacity 5007K, committed 5040K, reserved 1048576K
}
Event: 16.888 GC heap before
{Heap before GC invocations=13 (full 2):
 PSYoungGen      total 105984K, used 94720K [0x00000000d5580000, 0x00000000dc900000, 0x0000000100000000)
  eden space 94720K, 100% used [0x00000000d5580000,0x00000000db200000,0x00000000db200000)
  from space 11264K, 0% used [0x00000000dbe00000,0x00000000dbe00000,0x00000000dc900000)
  to   space 11776K, 0% used [0x00000000db200000,0x00000000db200000,0x00000000dbd80000)
 ParOldGen       total 77312K, used 14380K [0x0000000080000000, 0x0000000084b80000, 0x00000000d5580000)
  object space 77312K, 18% used [0x0000000080000000,0x0000000080e0b1e8,0x0000000084b80000)
 Metaspace       used 36832K, capacity 38396K, committed 38440K, reserved 1083392K
  class space    used 5089K, capacity 5401K, committed 5424K, reserved 1048576K
Event: 16.897 GC heap after
Heap after GC invocations=13 (full 2):
 PSYoungGen      total 106496K, used 6373K [0x00000000d5580000, 0x00000000dc900000, 0x0000000100000000)
  eden space 94720K, 0% used [0x00000000d5580000,0x00000000d5580000,0x00000000db200000)
  from space 11776K, 54% used [0x00000000db200000,0x00000000db839640,0x00000000dbd80000)
  to   space 11264K, 0% used [0x00000000dbe00000,0x00000000dbe00000,0x00000000dc900000)
 ParOldGen       total 77312K, used 14388K [0x0000000080000000, 0x0000000084b80000, 0x00000000d5580000)
  object space 77312K, 18% used [0x0000000080000000,0x0000000080e0d1e8,0x0000000084b80000)
 Metaspace       used 36832K, capacity 38396K, committed 38440K, reserved 1083392K
  class space    used 5089K, capacity 5401K, committed 5424K, reserved 1048576K
}

